<?xml version="1.0" encoding="UTF-8"?>
<!-- Generated by org.testng.reporters.JUnitReportReporter -->
<testsuite skipped="0" hostname="Amandas-MacBook-Air.local" name="com.herokuapp.theinternet.windowstests.WindowsTests" tests="1" failures="0" timestamp="2022-12-29T13:19:11 CET" time="8.668" errors="0">
  <testcase name="newWindowTest" time="8.668" classname="com.herokuapp.theinternet.windowstests.WindowsTests"/>
  <system-out/>
</testsuite> <!-- com.herokuapp.theinternet.windowstests.WindowsTests -->
