<?xml version="1.0" encoding="UTF-8"?>
<!-- Generated by org.testng.reporters.JUnitReportReporter -->
<testsuite skipped="0" hostname="Amandas-MacBook-Air.local" name="com.herokuapp.theinternet.loginpagetests.PositiveLogInTests" tests="1" failures="0" timestamp="2022-12-29T16:10:39 CET" time="6.996" errors="0">
  <testcase name="logInTest" time="6.996" classname="com.herokuapp.theinternet.loginpagetests.PositiveLogInTests"/>
  <system-out/>
</testsuite> <!-- com.herokuapp.theinternet.loginpagetests.PositiveLogInTests -->
