<?xml version="1.0" encoding="UTF-8"?>
<!-- Generated by org.testng.reporters.JUnitReportReporter -->
<testsuite skipped="0" hostname="Amandas-MacBook-Air.local" name="com.herokuapp.theinternet.draganddroptests.DragAndDropTests" tests="2" failures="0" timestamp="2022-12-29T15:00:54 CET" time="9.972" errors="0">
  <testcase name="dragAToBTest" time="5.860" classname="com.herokuapp.theinternet.draganddroptests.DragAndDropTests"/>
  <system-out/>
  <testcase name="dragAToBTest" time="4.112" classname="com.herokuapp.theinternet.draganddroptests.DragAndDropTests"/>
  <system-out/>
</testsuite> <!-- com.herokuapp.theinternet.draganddroptests.DragAndDropTests -->
