<?xml version="1.0" encoding="UTF-8"?>
<!-- Generated by org.testng.reporters.JUnitReportReporter -->
<testsuite skipped="0" hostname="Amandas-MacBook-Air.local" name="com.herokuapp.theinternet.uploadtests.UploadTests" tests="1" failures="0" timestamp="2022-12-29T14:12:38 CET" time="7.737" errors="0">
  <testcase name="imageUploadTest" time="7.737" classname="com.herokuapp.theinternet.uploadtests.UploadTests"/>
  <system-out/>
</testsuite> <!-- com.herokuapp.theinternet.uploadtests.UploadTests -->
