<?xml version="1.0" encoding="UTF-8"?>
<!-- Generated by org.testng.reporters.JUnitReportReporter -->
<testsuite skipped="0" hostname="Amandas-MacBook-Air.local" name="com.herokuapp.theinternet.keypressestests.KeyPressesTests" tests="2" failures="0" timestamp="2022-12-29T13:46:27 CET" time="8.663" errors="0">
  <testcase name="pressKeyWithActionsTest" time="3.336" classname="com.herokuapp.theinternet.keypressestests.KeyPressesTests"/>
  <system-out/>
  <testcase name="pressKeyWithActionsTest" time="5.327" classname="com.herokuapp.theinternet.keypressestests.KeyPressesTests"/>
  <system-out/>
</testsuite> <!-- com.herokuapp.theinternet.keypressestests.KeyPressesTests -->
