<?xml version="1.0" encoding="UTF-8"?>
<!-- Generated by org.testng.reporters.JUnitReportReporter -->
<testsuite skipped="0" hostname="Amandas-MacBook-Air.local" name="com.herokuapp.theinternet.loginpagetests.NegativeLogInTests" tests="2" failures="0" timestamp="2022-12-16T17:46:15 CET" time="16.364" errors="0">
  <testcase name="negativeTest" time="7.786" classname="com.herokuapp.theinternet.loginpagetests.NegativeLogInTests"/>
  <system-out/>
  <testcase name="negativeTest" time="8.578" classname="com.herokuapp.theinternet.loginpagetests.NegativeLogInTests"/>
  <system-out/>
</testsuite> <!-- com.herokuapp.theinternet.loginpagetests.NegativeLogInTests -->
