<?xml version="1.0" encoding="UTF-8"?>
<!-- Generated by org.testng.reporters.JUnitReportReporter -->
<testsuite skipped="0" hostname="Amandas-MacBook-Air.local" name="com.herokuapp.theinternet.loginpagetests.NegativeLogInTests" tests="2" failures="0" timestamp="2022-12-16T16:51:32 CET" time="11.482" errors="0">
  <testcase name="negativeTest" time="5.914" classname="com.herokuapp.theinternet.loginpagetests.NegativeLogInTests"/>
  <system-out/>
  <testcase name="negativeTest" time="5.568" classname="com.herokuapp.theinternet.loginpagetests.NegativeLogInTests"/>
  <system-out/>
</testsuite> <!-- com.herokuapp.theinternet.loginpagetests.NegativeLogInTests -->
