<?xml version="1.0" encoding="UTF-8"?>
<!-- Generated by org.testng.reporters.JUnitReportReporter -->
<testsuite skipped="0" hostname="Amandas-MacBook-Air.local" name="com.herokuapp.theinternet.uploadtests.UploadTests" tests="3" failures="0" timestamp="2022-12-29T15:28:07 CET" time="16.758" errors="0">
  <testcase name="fileUploadTest" time="3.842" classname="com.herokuapp.theinternet.uploadtests.UploadTests"/>
  <system-out/>
  <testcase name="fileUploadTest" time="8.934" classname="com.herokuapp.theinternet.uploadtests.UploadTests"/>
  <system-out/>
  <testcase name="fileUploadTest" time="3.982" classname="com.herokuapp.theinternet.uploadtests.UploadTests"/>
  <system-out/>
</testsuite> <!-- com.herokuapp.theinternet.uploadtests.UploadTests -->
