<?xml version="1.0" encoding="UTF-8"?>
<!-- Generated by org.testng.reporters.JUnitReportReporter -->
<testsuite skipped="0" hostname="Amandas-MacBook-Air.local" name="com.herokuapp.theinternet.editortests.EditorTests" tests="1" failures="0" timestamp="2022-12-29T13:25:34 CET" time="18.975" errors="0">
  <testcase name="defaultEditorValueTest" time="18.975" classname="com.herokuapp.theinternet.editortests.EditorTests"/>
  <system-out/>
</testsuite> <!-- com.herokuapp.theinternet.editortests.EditorTests -->
