<?xml version="1.0" encoding="UTF-8"?>
<!-- Generated by org.testng.reporters.JUnitReportReporter -->
<testsuite skipped="0" hostname="Amandas-MacBook-Air.local" name="com.herokuapp.theinternet.alertstests.AlertsTests" tests="3" failures="0" timestamp="2022-12-28T16:37:52 CET" time="19.847" errors="0">
  <testcase name="jsPromptTest" time="6.818" classname="com.herokuapp.theinternet.alertstests.AlertsTests"/>
  <system-out/>
  <testcase name="jsAlertTest" time="5.892" classname="com.herokuapp.theinternet.alertstests.AlertsTests"/>
  <system-out/>
  <testcase name="jsDismissTest" time="7.137" classname="com.herokuapp.theinternet.alertstests.AlertsTests"/>
  <system-out/>
</testsuite> <!-- com.herokuapp.theinternet.alertstests.AlertsTests -->
