<?xml version="1.0" encoding="UTF-8"?>
<!-- Generated by org.testng.reporters.JUnitReportReporter -->
<testsuite skipped="0" hostname="Amandas-MacBook-Air.local" name="com.herokuapp.theinternet.dropdowntests.DropdownTest" tests="1" failures="0" timestamp="2022-12-28T15:22:21 CET" time="7.667" errors="0">
  <testcase name="optionTwoTest" time="7.667" classname="com.herokuapp.theinternet.dropdowntests.DropdownTest"/>
  <system-out/>
</testsuite> <!-- com.herokuapp.theinternet.dropdowntests.DropdownTest -->
