<?xml version="1.0" encoding="UTF-8"?>
<!-- Generated by org.testng.reporters.JUnitReportReporter -->
<testsuite skipped="0" hostname="Amandas-MacBook-Air.local" name="com.herokuapp.theinternet.alertstests.AlertsTests" tests="3" failures="0" timestamp="2022-12-30T14:07:30 CET" time="20.172" errors="0">
  <testcase name="jsAlertTest" time="7.179" classname="com.herokuapp.theinternet.alertstests.AlertsTests"/>
  <system-out/>
  <testcase name="jsDismissTest" time="5.967" classname="com.herokuapp.theinternet.alertstests.AlertsTests"/>
  <system-out/>
  <testcase name="jsPromptTest" time="7.026" classname="com.herokuapp.theinternet.alertstests.AlertsTests"/>
  <system-out/>
</testsuite> <!-- com.herokuapp.theinternet.alertstests.AlertsTests -->
