<?xml version="1.0" encoding="UTF-8"?>
<!-- Generated by org.testng.reporters.JUnitReportReporter -->
<testsuite skipped="0" hostname="Amandas-MacBook-Air.local" name="com.herokuapp.theinternet.alertstests.AlertsTests" tests="3" failures="0" timestamp="2022-12-29T15:48:22 CET" time="22.159" errors="0">
  <testcase name="jsAlertTest" time="9.383" classname="com.herokuapp.theinternet.alertstests.AlertsTests"/>
  <system-out/>
  <testcase name="jsPromptTest" time="6.793" classname="com.herokuapp.theinternet.alertstests.AlertsTests"/>
  <system-out/>
  <testcase name="jsDismissTest" time="5.983" classname="com.herokuapp.theinternet.alertstests.AlertsTests"/>
  <system-out/>
</testsuite> <!-- com.herokuapp.theinternet.alertstests.AlertsTests -->
