<?xml version="1.0" encoding="UTF-8"?>
<!-- Generated by org.testng.reporters.JUnitReportReporter -->
<testsuite skipped="0" hostname="Amandas-MacBook-Air.local" name="com.herokuapp.theinternet.uploadtests.UploadTests" tests="3" failures="0" timestamp="2022-12-30T14:02:06 CET" time="11.682" errors="0">
  <testcase name="fileUploadTest" time="3.666" classname="com.herokuapp.theinternet.uploadtests.UploadTests"/>
  <system-out/>
  <testcase name="fileUploadTest" time="3.924" classname="com.herokuapp.theinternet.uploadtests.UploadTests"/>
  <system-out/>
  <testcase name="fileUploadTest" time="4.092" classname="com.herokuapp.theinternet.uploadtests.UploadTests"/>
  <system-out/>
</testsuite> <!-- com.herokuapp.theinternet.uploadtests.UploadTests -->
