<?xml version="1.0" encoding="UTF-8"?>
<!-- Generated by org.testng.reporters.JUnitReportReporter -->
<testsuite skipped="0" hostname="Amandas-MacBook-Air.local" name="com.herokuapp.theinternet.loginpagetests.NegativeLogInTests" tests="2" failures="0" timestamp="2022-12-28T13:40:06 CET" time="15.890" errors="0">
  <testcase name="negativeTest" time="8.040" classname="com.herokuapp.theinternet.loginpagetests.NegativeLogInTests"/>
  <system-out/>
  <testcase name="negativeTest" time="7.850" classname="com.herokuapp.theinternet.loginpagetests.NegativeLogInTests"/>
  <system-out/>
</testsuite> <!-- com.herokuapp.theinternet.loginpagetests.NegativeLogInTests -->
